[2026-02-07 20:54:49] INFO REQUEST
Trying: https://xpos.aidocs.uz/yt_info.php?info=1&url=https%3A%2F%2Fwww.youtube.com%2Fwatch%3Fv%3DrAkp45Ek4ys%26list%3DRDGMEMQ1dJ7wXfLlqCjwV0xfSNbAVMrAkp45Ek4ys%26start_radio%3D1
API 1 (yt_info.php) - HTTP Code: 504
CURL Error: None
CURL Errno: 0
Response Length: 176 bytes
Response Preview: <html>
<head><title>504 Gateway Time-out</title></head>
<body>
<center><h1>504 Gateway Time-out</h1></center>
<hr><center>nginx/1.18.0 (Ubuntu)</center>
</body>
</html>

ERROR: VPS serverda xatolik yuz berdi (HTTP 504) (CURL Errno: 0)
Used API: https://xpos.aidocs.uz/yt_info.php?info=1&url=https%3A%2F%2Fwww.youtube.com%2Fwatch%3Fv%3DrAkp45Ek4ys%26list%3DRDGMEMQ1dJ7wXfLlqCjwV0xfSNbAVMrAkp45Ek4ys%26start_radio%3D1

[2026-02-08 10:51:43] INFO REQUEST
Trying: http://95.111.250.26/yt_info.php?info=1&url=https%3A%2F%2Fwww.youtube.com%2Fwatch%3Fv%3DXww1EeTdt7I%26list%3DRDXww1EeTdt7I%26start_radio%3D1
API 1 (yt_info.php) - HTTP Code: 0
CURL Error: Operation timed out after 90012 milliseconds with 0 bytes received
CURL Errno: 28
Response Length: 0 bytes
ERROR: VPS API so'rovni bajarishda vaqt tugadi (Timeout). Iltimos, qaytadan urinib ko'ring yoki URL manzilini tekshiring. (CURL Errno: 28)
Used API: http://95.111.250.26/yt_info.php?info=1&url=https%3A%2F%2Fwww.youtube.com%2Fwatch%3Fv%3DXww1EeTdt7I%26list%3DRDXww1EeTdt7I%26start_radio%3D1

[2026-02-08 10:53:21] INFO REQUEST
Trying: http://95.111.250.26/yt_info.php?info=1&url=https%3A%2F%2Fwww.youtube.com%2Fshorts%2FGPtDsVj7zdA
API 1 (yt_info.php) - HTTP Code: 200
CURL Error: None
CURL Errno: 0
Response Length: 949 bytes
Response Preview: {"error":"Video ma'lumotlari olinmadi","raw":"WARNING: [youtube] No supported JavaScript runtime could be found. Only deno is enabled by default; to use another runtime add  --js-runtimes RUNTIME[:PATH]  to your command\/config. YouTube extraction without a JS runtime has been deprecated, and some formats may be missing. See  https:\/\/github.com\/yt-dlp\/yt-dlp\/wiki\/EJS  for details on installing one\nWARNING: [youtube] No title found in player responses; falling back to title from initial da
JSON Decode Error: None

[2026-02-08 10:53:29] VPS STREAM SUCCESS
URL: http://95.111.250.26/yt_api.php?url=https%3A%2F%2Fwww.youtube.com%2Fshorts%2FGPtDsVj7zdA
HTTP Code: 200

[2026-02-08 15:42:06] INFO REQUEST
Trying: http://95.111.250.26/yt_info.php?info=1&url=https%3A%2F%2Fwww.youtube.com%2Fshorts%2FPGpRrRJcQ9o
API 1 (yt_info.php) - HTTP Code: 200
CURL Error: None
CURL Errno: 0
Response Length: 949 bytes
Response Preview: {"error":"Video ma'lumotlari olinmadi","raw":"WARNING: [youtube] No supported JavaScript runtime could be found. Only deno is enabled by default; to use another runtime add  --js-runtimes RUNTIME[:PATH]  to your command\/config. YouTube extraction without a JS runtime has been deprecated, and some formats may be missing. See  https:\/\/github.com\/yt-dlp\/yt-dlp\/wiki\/EJS  for details on installing one\nWARNING: [youtube] No title found in player responses; falling back to title from initial da
JSON Decode Error: None

[2026-02-08 15:45:11] INFO REQUEST
Trying: http://localhost/ytdownloader/yt_info.php?url=https%3A%2F%2Fwww.youtube.com%2Fshorts%2FPGpRrRJcQ9o
API 1 (yt_info.php) - HTTP Code: 200
CURL Error: None
CURL Errno: 0
Response Length: 2 bytes
Response Preview: 

JSON Decode Error: Syntax error
ERROR: Invalid JSON response

[2026-02-08 15:46:02] INFO REQUEST
Trying: http://localhost/ytdownloader/yt_info.php?url=https%3A%2F%2Fwww.youtube.com%2Fshorts%2FPGpRrRJcQ9o
API 1 (yt_info.php) - HTTP Code: 200
CURL Error: None
CURL Errno: 0
Response Length: 2 bytes
Response Preview: 

JSON Decode Error: Syntax error
ERROR: Invalid JSON response

[2026-02-08 15:46:05] INFO REQUEST
Trying: http://localhost/ytdownloader/yt_info.php?url=https%3A%2F%2Fwww.youtube.com%2Fshorts%2FPGpRrRJcQ9o
API 1 (yt_info.php) - HTTP Code: 200
CURL Error: None
CURL Errno: 0
Response Length: 2 bytes
Response Preview: 

JSON Decode Error: Syntax error
ERROR: Invalid JSON response

[2026-02-08 15:46:34] INFO REQUEST
Trying: http://localhost/ytdownloader/yt_info.php?url=https%3A%2F%2Fwww.youtube.com%2Fshorts%2FPGpRrRJcQ9o
API 1 (yt_info.php) - HTTP Code: 200
CURL Error: None
CURL Errno: 0
Response Length: 2 bytes
Response Preview: 

JSON Decode Error: Syntax error
ERROR: Invalid JSON response

[2026-02-08 15:49:17] INFO REQUEST
Trying: http://localhost/ytdownloader/yt_info.php?url=https%3A%2F%2Fwww.youtube.com%2Fshorts%2FPGpRrRJcQ9o
API 1 (yt_info.php) - HTTP Code: 200
CURL Error: None
CURL Errno: 0
Response Length: 2 bytes
Response Preview: 

JSON Decode Error: Syntax error
ERROR: Invalid JSON response

[2026-02-08 15:49:19] INFO REQUEST
Trying: http://localhost/ytdownloader/yt_info.php?url=https%3A%2F%2Fwww.youtube.com%2Fshorts%2FPGpRrRJcQ9o
API 1 (yt_info.php) - HTTP Code: 200
CURL Error: None
CURL Errno: 0
Response Length: 2 bytes
Response Preview: 

JSON Decode Error: Syntax error
ERROR: Invalid JSON response

[2026-02-08 15:51:33] INFO REQUEST
Trying: http://localhost/ytdownloader/yt_info.php?url=https%3A%2F%2Fwww.youtube.com%2Fshorts%2FPGpRrRJcQ9o
API 1 (yt_info.php) - HTTP Code: 200
CURL Error: None
CURL Errno: 0
Response Length: 76466 bytes
Response Preview: {"error":"Video ma'lumotlari olinmadi","raw":"WARNING: [youtube] No supported JavaScript runtime could be found. Only deno is enabled by default; to use another runtime add  --js-runtimes RUNTIME[:PATH]  to your command\/config. YouTube extraction without a JS runtime has been deprecated, and some formats may be missing. See  https:\/\/github.com\/yt-dlp\/yt-dlp\/wiki\/EJS  for details on installing one\nWARNING: ffmpeg not found. The downloaded format may not be the best available. Installing f
JSON Decode Error: None
SUCCESS: JSON extracted from raw output
Video Title: ВАНЯ-ГЕРОЙ🙏🙏🙏

[2026-02-08 15:51:41] VPS STREAM SUCCESS
URL: http://localhost/ytdownloader/yt_api.php?url=https%3A%2F%2Fwww.youtube.com%2Fshorts%2FPGpRrRJcQ9o
HTTP Code: 200

[2026-02-08 15:51:54] VPS STREAM SUCCESS
URL: http://localhost/ytdownloader/yt_api.php?url=https%3A%2F%2Fwww.youtube.com%2Fshorts%2FPGpRrRJcQ9o
HTTP Code: 200

[2026-02-08 15:52:08] INFO REQUEST
Trying: http://localhost/ytdownloader/yt_info.php?url=https%3A%2F%2Fwww.youtube.com%2Fwatch%3Fv%3DXww1EeTdt7I%26list%3DRDMMXww1EeTdt7I%26start_radio%3D1
API 1 (yt_info.php) - HTTP Code: 0
CURL Error: Operation timed out after 90000 milliseconds with 0 bytes received
CURL Errno: 28
Response Length: 0 bytes
ERROR: VPS API so'rovni bajarishda vaqt tugadi (Timeout). Iltimos, qaytadan urinib ko'ring yoki URL manzilini tekshiring. (CURL Errno: 28)
Used API: http://localhost/ytdownloader/yt_info.php?url=https%3A%2F%2Fwww.youtube.com%2Fwatch%3Fv%3DXww1EeTdt7I%26list%3DRDMMXww1EeTdt7I%26start_radio%3D1

[2026-02-08 15:57:46] INFO REQUEST
Trying: http://localhost/ytdownloader/yt_info.php?url=https%3A%2F%2Fwww.youtube.com%2Fwatch%3Fv%3DXww1EeTdt7I%26list%3DRDMMXww1EeTdt7I%26start_radio%3D1
API 1 (yt_info.php) - HTTP Code: 0
CURL Error: Operation timed out after 180006 milliseconds with 0 bytes received
CURL Errno: 28
Response Length: 0 bytes
ERROR: VPS API so'rovni bajarishda vaqt tugadi (Timeout). Iltimos, qaytadan urinib ko'ring yoki URL manzilini tekshiring. (CURL Errno: 28)
Used API: http://localhost/ytdownloader/yt_info.php?url=https%3A%2F%2Fwww.youtube.com%2Fwatch%3Fv%3DXww1EeTdt7I%26list%3DRDMMXww1EeTdt7I%26start_radio%3D1

